This is pdfTeX, Version 3.14159265-2.6-1.40.20 (TeX Live 2019/Arch Linux) (preloaded format=pdflatex 2020.2.22)  25 FEB 2020 18:45
entering extended mode
 restricted \write18 enabled.
 %&-line parsing enabled.
**main.tex
(./main.tex
LaTeX2e <2019-10-01> patch level 1
(/usr/share/texmf-dist/tex/latex/base/article.cls
Document Class: article 2019/08/27 v1.4j Standard LaTeX document class
(/usr/share/texmf-dist/tex/latex/base/size10.clo
File: size10.clo 2019/08/27 v1.4j Standard LaTeX file (size option)
)
\c@part=\count80
\c@section=\count81
\c@subsection=\count82
\c@subsubsection=\count83
\c@paragraph=\count84
\c@subparagraph=\count85
\c@figure=\count86
\c@table=\count87
\abovecaptionskip=\skip41
\belowcaptionskip=\skip42
\bibindent=\dimen102
) (./preamble.sty
Package: preamble 

(/usr/share/texmf-dist/tex/latex/tocbibind/tocbibind.sty
Package: tocbibind 2010/10/13 v1.5k extra ToC listings
Package tocbibind Info: The document has section divisions on input line 50.


Package tocbibind Note: Using section or other style headings.

) (/usr/share/texmf-dist/tex/generic/babel/babel.sty
Package: babel 2019/10/15 3.35 The Babel package

(/usr/share/texmf-dist/tex/generic/babel/switch.def
File: switch.def 2019/10/15 3.35 Babel switching mechanism
)
(/usr/share/texmf-dist/tex/generic/babel-english/english.ldf
Language: english 2017/06/06 v3.3r English support from the babel system

(/usr/share/texmf-dist/tex/generic/babel/babel.def
File: babel.def 2019/10/15 3.35 Babel common definitions
\babel@savecnt=\count88
\U@D=\dimen103

(/usr/share/texmf-dist/tex/generic/babel/txtbabel.def)
\bbl@dirlevel=\count89
)
\l@canadian = a dialect from \language\l@american 
\l@australian = a dialect from \language\l@british 
\l@newzealand = a dialect from \language\l@british 
))
(/usr/share/texmf-dist/tex/latex/base/inputenc.sty
Package: inputenc 2018/08/11 v1.3c Input encoding file
\inpenc@prehook=\toks14
\inpenc@posthook=\toks15
)
(/usr/share/texmf-dist/tex/latex/xcolor/xcolor.sty
Package: xcolor 2016/05/11 v2.12 LaTeX color extensions (UK)

(/usr/share/texmf-dist/tex/latex/graphics-cfg/color.cfg
File: color.cfg 2016/01/02 v1.6 sample color configuration
)
Package xcolor Info: Driver file: pdftex.def on input line 225.

(/usr/share/texmf-dist/tex/latex/graphics-def/pdftex.def
File: pdftex.def 2018/01/08 v1.0l Graphics/color driver for pdftex
)
(/usr/share/texmf-dist/tex/latex/colortbl/colortbl.sty
Package: colortbl 2018/12/12 v1.0d Color table columns (DPC)

(/usr/share/texmf-dist/tex/latex/tools/array.sty
Package: array 2019/08/31 v2.4l Tabular extension package (FMi)
\col@sep=\dimen104
\ar@mcellbox=\box27
\extrarowheight=\dimen105
\NC@list=\toks16
\extratabsurround=\skip43
\backup@length=\skip44
\ar@cellbox=\box28
)
\everycr=\toks17
\minrowclearance=\skip45
)
\rownum=\count90
Package xcolor Info: Model `cmy' substituted by `cmy0' on input line 1348.
Package xcolor Info: Model `hsb' substituted by `rgb' on input line 1352.
Package xcolor Info: Model `RGB' extended on input line 1364.
Package xcolor Info: Model `HTML' substituted by `rgb' on input line 1366.
Package xcolor Info: Model `Hsb' substituted by `hsb' on input line 1367.
Package xcolor Info: Model `tHsb' substituted by `hsb' on input line 1368.
Package xcolor Info: Model `HSB' substituted by `hsb' on input line 1369.
Package xcolor Info: Model `Gray' substituted by `gray' on input line 1370.
Package xcolor Info: Model `wave' substituted by `hsb' on input line 1371.
)
(/usr/share/texmf-dist/tex/latex/geometry/geometry.sty
Package: geometry 2018/04/16 v5.8 Page Geometry

(/usr/share/texmf-dist/tex/latex/graphics/keyval.sty
Package: keyval 2014/10/28 v1.15 key=value parser (DPC)
\KV@toks@=\toks18
)
(/usr/share/texmf-dist/tex/generic/oberdiek/ifpdf.sty
Package: ifpdf 2018/09/07 v3.3 Provides the ifpdf switch
)
(/usr/share/texmf-dist/tex/generic/oberdiek/ifvtex.sty
Package: ifvtex 2016/05/16 v1.6 Detect VTeX and its facilities (HO)
Package ifvtex Info: VTeX not detected.
)
(/usr/share/texmf-dist/tex/generic/ifxetex/ifxetex.sty
Package: ifxetex 2010/09/12 v0.6 Provides ifxetex conditional
)
\Gm@cnth=\count91
\Gm@cntv=\count92
\c@Gm@tempcnt=\count93
\Gm@bindingoffset=\dimen106
\Gm@wd@mp=\dimen107
\Gm@odd@mp=\dimen108
\Gm@even@mp=\dimen109
\Gm@layoutwidth=\dimen110
\Gm@layoutheight=\dimen111
\Gm@layouthoffset=\dimen112
\Gm@layoutvoffset=\dimen113
\Gm@dimlist=\toks19
)
(/usr/share/texmf-dist/tex/latex/tools/tabularx.sty
Package: tabularx 2016/02/03 v2.11b `tabularx' package (DPC)
\TX@col@width=\dimen114
\TX@old@table=\dimen115
\TX@old@col=\dimen116
\TX@target=\dimen117
\TX@delta=\dimen118
\TX@cols=\count94
\TX@ftn=\toks20
)
(/usr/share/texmf-dist/tex/latex/graphics/graphicx.sty
Package: graphicx 2017/06/01 v1.1a Enhanced LaTeX Graphics (DPC,SPQR)

(/usr/share/texmf-dist/tex/latex/graphics/graphics.sty
Package: graphics 2019/10/08 v1.3c Standard LaTeX Graphics (DPC,SPQR)

(/usr/share/texmf-dist/tex/latex/graphics/trig.sty
Package: trig 2016/01/03 v1.10 sin cos tan (DPC)
)
(/usr/share/texmf-dist/tex/latex/graphics-cfg/graphics.cfg
File: graphics.cfg 2016/06/04 v1.11 sample graphics configuration
)
Package graphics Info: Driver file: pdftex.def on input line 105.
)
\Gin@req@height=\dimen119
\Gin@req@width=\dimen120
)
(/usr/share/texmf-dist/tex/latex/float/float.sty
Package: float 2001/11/08 v1.3d Float enhancements (AL)
\c@float@type=\count95
\float@exts=\toks21
\float@box=\box29
\@float@everytoks=\toks22
\@floatcapt=\box30
)
(/usr/share/texmf-dist/tex/latex/paralist/paralist.sty
Package: paralist 2017/01/22 v2.7 Extended list environments
\pltopsep=\skip46
\plpartopsep=\skip47
\plitemsep=\skip48
\plparsep=\skip49
\pl@lab=\toks23
)
(/usr/share/texmf-dist/tex/latex/datetime/datetime.sty
Package: datetime 2015/03/20 v2.60 Date Time Package

(/usr/share/texmf-dist/tex/latex/etoolbox/etoolbox.sty
Package: etoolbox 2019/09/21 v2.5h e-TeX tools for LaTeX (JAW)
\etb@tempcnta=\count96
)
(/usr/share/texmf-dist/tex/latex/fmtcount/fmtcount.sty
Package: fmtcount 2017/12/24 v3.05

(/usr/share/texmf-dist/tex/latex/base/ifthen.sty
Package: ifthen 2014/09/29 v1.1c Standard LaTeX ifthen package (DPC)
)
(/usr/share/texmf-dist/tex/latex/xkeyval/xkeyval.sty
Package: xkeyval 2014/12/03 v2.7a package option processing (HA)

(/usr/share/texmf-dist/tex/generic/xkeyval/xkeyval.tex
(/usr/share/texmf-dist/tex/generic/xkeyval/xkvutils.tex
\XKV@toks=\toks24
\XKV@tempa@toks=\toks25
)
\XKV@depth=\count97
File: xkeyval.tex 2014/12/03 v2.7a key=value parser (HA)
))
(/usr/share/texmf-dist/tex/latex/fmtcount/fcprefix.sty
Package: fcprefix 2012/09/28

(/usr/share/texmf-dist/tex/latex/fmtcount/fcnumparser.sty
Package: fcnumparser 2017/06/15
\fc@digit@counter=\count98
))
(/usr/share/texmf-dist/tex/latex/amsmath/amsgen.sty
File: amsgen.sty 1999/11/30 v2.0 generic functions
\@emptytoks=\toks26
\ex@=\dimen121
)
\c@padzeroesN=\count99
\fc@tmpcatcode=\count100

(/usr/share/texmf-dist/tex/latex/fmtcount/fc-english.def
File: fc-english.def 2016/01/12
)
\@DT@modctr=\count101
\@ordinalctr=\count102
\@orgargctr=\count103
\@strctr=\count104
\@tmpstrctr=\count105
\@DT@loopN=\count106
\@DT@X=\count107
)
(/usr/share/texmf-dist/tex/latex/datetime/datetime-defaults.sty
Package: datetime-defaults 2013/09/10
)
\@day=\count108
\@month=\count109
\@year=\count110
\c@HOUR=\count111
\c@HOURXII=\count112
\c@MINUTE=\count113
\c@TOHOUR=\count114
\c@TOMINUTE=\count115
\c@SECOND=\count116
\currenthour=\count117
\currentminute=\count118
\currentsecond=\count119
Package datetime Info: No datetime.cfg file found, using default settings on in
put line 308.
\@dtctr=\count120
\dayofyear=\count121
\dayofweek=\count122
LaTeX Info: Redefining \today on input line 736.
\dt@a=\toks27
\dt@b=\toks28
)
(/usr/share/texmf-dist/tex/latex/tools/afterpage.sty
Package: afterpage 2014/10/28 v1.08 After-Page Package (DPC)
\AP@output=\toks29
\AP@partial=\box31
\AP@footins=\box32
)
(/usr/share/texmf-dist/tex/latex/listings/listings.sty
\lst@mode=\count123
\lst@gtempboxa=\box33
\lst@token=\toks30
\lst@length=\count124
\lst@currlwidth=\dimen122
\lst@column=\count125
\lst@pos=\count126
\lst@lostspace=\dimen123
\lst@width=\dimen124
\lst@newlines=\count127
\lst@lineno=\count128
\lst@maxwidth=\dimen125

(/usr/share/texmf-dist/tex/latex/listings/lstmisc.sty
File: lstmisc.sty 2019/09/10 1.8c (Carsten Heinz)
\c@lstnumber=\count129
\lst@skipnumbers=\count130
\lst@framebox=\box34
)
(/usr/share/texmf-dist/tex/latex/listings/listings.cfg
File: listings.cfg 2019/09/10 1.8c listings configuration
))
Package: listings 2019/09/10 1.8c (Carsten Heinz)
)
(/usr/share/texmf-dist/tex/latex/import/import.sty
Package: import 2009/03/23  v 5.1
)
(/usr/share/texmf-dist/tex/latex/subfiles/subfiles.sty
Package: subfiles 2019/10/25 v1.4 Multi-file projects (package)
) (./main.aux
(./preamble.tex.aux) (./preamble.tex.aux) (./preamble.tex.aux)
(./preamble.tex.aux) (./preamble.tex.aux) (./preamble.tex.aux)
(./preamble.tex.aux) (./preamble.tex.aux))
\openout1 = `main.aux'.

LaTeX Font Info:    Checking defaults for OML/cmm/m/it on input line 7.
LaTeX Font Info:    ... okay on input line 7.
LaTeX Font Info:    Checking defaults for T1/cmr/m/n on input line 7.
LaTeX Font Info:    ... okay on input line 7.
LaTeX Font Info:    Checking defaults for OT1/cmr/m/n on input line 7.
LaTeX Font Info:    ... okay on input line 7.
LaTeX Font Info:    Checking defaults for OMS/cmsy/m/n on input line 7.
LaTeX Font Info:    ... okay on input line 7.
LaTeX Font Info:    Checking defaults for OMX/cmex/m/n on input line 7.
LaTeX Font Info:    ... okay on input line 7.
LaTeX Font Info:    Checking defaults for U/cmr/m/n on input line 7.
LaTeX Font Info:    ... okay on input line 7.

(/usr/share/texmf-dist/tex/context/base/mkii/supp-pdf.mkii
[Loading MPS to PDF converter (version 2006.09.02).]
\scratchcounter=\count131
\scratchdimen=\dimen126
\scratchbox=\box35
\nofMPsegments=\count132
\nofMParguments=\count133
\everyMPshowfont=\toks31
\MPscratchCnt=\count134
\MPscratchDim=\dimen127
\MPnumerator=\count135
\makeMPintoPDFobject=\count136
\everyMPtoPDFconversion=\toks32
) (/usr/share/texmf-dist/tex/latex/oberdiek/epstopdf-base.sty
Package: epstopdf-base 2016/05/15 v2.6 Base part for package epstopdf

(/usr/share/texmf-dist/tex/generic/oberdiek/infwarerr.sty
Package: infwarerr 2016/05/16 v1.4 Providing info/warning/error messages (HO)
)
(/usr/share/texmf-dist/tex/latex/oberdiek/grfext.sty
Package: grfext 2016/05/16 v1.2 Manage graphics extensions (HO)

(/usr/share/texmf-dist/tex/generic/oberdiek/kvdefinekeys.sty
Package: kvdefinekeys 2016/05/16 v1.4 Define keys (HO)

(/usr/share/texmf-dist/tex/generic/oberdiek/ltxcmds.sty
Package: ltxcmds 2016/05/16 v1.23 LaTeX kernel commands for general use (HO)
)))
(/usr/share/texmf-dist/tex/latex/oberdiek/kvoptions.sty
Package: kvoptions 2016/05/16 v3.12 Key value format for package options (HO)

(/usr/share/texmf-dist/tex/generic/oberdiek/kvsetkeys.sty
Package: kvsetkeys 2016/05/16 v1.17 Key value parser (HO)

(/usr/share/texmf-dist/tex/generic/oberdiek/etexcmds.sty
Package: etexcmds 2016/05/16 v1.6 Avoid name clashes with e-TeX commands (HO)

(/usr/share/texmf-dist/tex/generic/oberdiek/ifluatex.sty
Package: ifluatex 2016/05/16 v1.4 Provides the ifluatex switch (HO)
Package ifluatex Info: LuaTeX not detected.
))))
(/usr/share/texmf-dist/tex/generic/oberdiek/pdftexcmds.sty
Package: pdftexcmds 2019/07/25 v0.30 Utility functions of pdfTeX for LuaTeX (HO
)
Package pdftexcmds Info: LuaTeX not detected.
Package pdftexcmds Info: \pdf@primitive is available.
Package pdftexcmds Info: \pdf@ifprimitive is available.
Package pdftexcmds Info: \pdfdraftmode found.
)
Package epstopdf-base Info: Redefining graphics rule for `.eps' on input line 4
38.
Package grfext Info: Graphics extension search list:
(grfext)             [.pdf,.png,.jpg,.mps,.jpeg,.jbig2,.jb2,.PDF,.PNG,.JPG,.JPE
G,.JBIG2,.JB2,.eps]
(grfext)             \AppendGraphicsExtensions on input line 456.

(/usr/share/texmf-dist/tex/latex/latexconfig/epstopdf-sys.cfg
File: epstopdf-sys.cfg 2010/07/13 v1.3 Configuration of (r)epstopdf for TeX Liv
e
))
*geometry* driver: auto-detecting
*geometry* detected driver: pdftex
*geometry* verbose mode - [ preamble ] result:
* driver: pdftex
* paper: <default>
* layout: <same size as paper>
* layoutoffset:(h,v)=(0.0pt,0.0pt)
* modes: 
* h-part:(L,W,R)=(72.26999pt, 469.75502pt, 72.26999pt)
* v-part:(T,H,B)=(72.26999pt, 650.43001pt, 72.26999pt)
* \paperwidth=614.295pt
* \paperheight=794.96999pt
* \textwidth=469.75502pt
* \textheight=650.43001pt
* \oddsidemargin=0.0pt
* \evensidemargin=0.0pt
* \topmargin=0.0pt
* \headheight=0.0pt
* \headsep=0.0pt
* \topskip=10.0pt
* \footskip=18.06749pt
* \marginparwidth=0.0pt
* \marginparsep=0.0pt
* \columnsep=10.0pt
* \skip\footins=9.0pt plus 4.0pt minus 2.0pt
* \hoffset=0.0pt
* \voffset=0.0pt
* \mag=1000
* \@twocolumnfalse
* \@twosidefalse
* \@mparswitchfalse
* \@reversemarginfalse
* (1in=72.27pt=25.4mm, 1cm=28.453pt)

\c@lstlisting=\count137
\GPT@outputbox=\box36
<Pictures/small_logo.png, id=1, 544.0325pt x 509.905pt>
File: Pictures/small_logo.png Graphic file (type png)
<use Pictures/small_logo.png>
Package pdftex.def Info: Pictures/small_logo.png  used on input line 53.
(pdftex.def)             Requested size: 187.89914pt x 176.11192pt.
LaTeX Font Info:    External font `cmex10' loaded for size
(Font)              <14.4> on input line 59.
LaTeX Font Info:    External font `cmex10' loaded for size
(Font)              <7> on input line 59.
[1

{/var/lib/texmf/fonts/map/pdftex/updmap/pdftex.map} <./Pictures/small_logo.png>
] [1] (./main.toc)
\tf@toc=\write3
\openout3 = `main.toc'.

 [2] (./01Introduction/introduction.tex
\openout2 = `preamble.tex.aux'.


No file preamble.tex.tex.

LaTeX Warning: Citation `WP_IBC' on page 3 undefined on input line 11.

LaTeX Font Info:    Trying to load font information for OMS+cmr on input line 1
7.
(/usr/share/texmf-dist/tex/latex/base/omscmr.fd
File: omscmr.fd 2014/09/29 v2.5h Standard LaTeX font definitions
)
LaTeX Font Info:    Font shape `OMS/cmr/m/n' in size <10> not available
(Font)              Font shape `OMS/cmsy/m/n' tried instead on input line 17.


LaTeX Warning: Citation `TR_REQS' on page 3 undefined on input line 26.


LaTeX Warning: Citation `TR_OPTIONAL_FEATURES' on page 3 undefined on input lin
e 26.


LaTeX Warning: Citation `TR_TO' on page 3 undefined on input line 28.


LaTeX Warning: Citation `TR_story' on page 3 undefined on input line 30.


LaTeX Warning: Citation `DeveloperSalary' on page 3 undefined on input line 36.


[3


]) (./02Background/background.tex [4]
\openout2 = `preamble.tex.aux'.


No file preamble.tex.tex.

LaTeX Warning: Citation `listofbacktesters' on page 5 undefined on input line 7
.


LaTeX Warning: Citation `portfoliovis' on page 5 undefined on input line 12.

<02Background/02Pictures/portfolio_visualizer_input_1.png, id=29, 402.75468pt x
 220.57407pt>
File: 02Background/02Pictures/portfolio_visualizer_input_1.png Graphic file (ty
pe png)
<use 02Background/02Pictures/portfolio_visualizer_input_1.png>
Package pdftex.def Info: 02Background/02Pictures/portfolio_visualizer_input_1.p
ng  used on input line 18.
(pdftex.def)             Requested size: 322.20418pt x 176.45947pt.
[5


 <./02Background/02Pictures/portfolio_visualizer_input_1.png>]

LaTeX Warning: Citation `etfreplay' on page 6 undefined on input line 59.

<02Background/02Pictures/etfreplay.png, id=33, 319.1925pt x 355.3275pt>
File: 02Background/02Pictures/etfreplay.png Graphic file (type png)
<use 02Background/02Pictures/etfreplay.png>
Package pdftex.def Info: 02Background/02Pictures/etfreplay.png  used on input l
ine 63.
(pdftex.def)             Requested size: 223.43321pt x 248.72754pt.
[6]

LaTeX Warning: Citation `backtestcurvo' on page 7 undefined on input line 71.


LaTeX Warning: Citation `stockbacktest' on page 7 undefined on input line 75.

<02Background/02Pictures/stockbacktest.png, id=38, 585.68813pt x 100.12407pt>
File: 02Background/02Pictures/stockbacktest.png Graphic file (type png)
<use 02Background/02Pictures/stockbacktest.png>
Package pdftex.def Info: 02Background/02Pictures/stockbacktest.png  used on inp
ut line 79.
(pdftex.def)             Requested size: 409.97888pt x 70.08635pt.
[7 <./02Background/02Pictures/etfreplay.png> <./02Background/02Pictures/stockba
cktest.png>]) (./03Requirements/requirements.tex [8]
\openout2 = `preamble.tex.aux'.


No file preamble.tex.tex.

LaTeX Warning: Citation `FURPS' on page 9 undefined on input line 7.


Underfull \hbox (badness 1014) in paragraph at lines 29--29
[]|\OT1/cmr/m/n/10 Allocate fixed amoun-t/pro-por-tions of
 []


Underfull \hbox (badness 10000) in paragraph at lines 29--31

 []


Underfull \hbox (badness 10000) in paragraph at lines 56--58

 []

[9


]
Underfull \hbox (badness 10000) in paragraph at lines 78--80

 []


Underfull \hbox (badness 10000) in paragraph at lines 101--103

 []

[10]
Underfull \hbox (badness 1082) in paragraph at lines 119--119
\OT1/cmr/m/n/10 come, Cur-ren-cies, Com-modi-ties, and
 []


Underfull \hbox (badness 10000) in paragraph at lines 119--121

 []

[11]

LaTeX Warning: Citation `FURPS_drawbacks' on page 12 undefined on input line 17
2.

) (./04Design/design.tex [12]
\openout2 = `preamble.tex.aux'.


No file preamble.tex.tex.
) (./05Coding/coding.tex [13


]
\openout2 = `preamble.tex.aux'.


No file preamble.tex.tex.

LaTeX Warning: Citation `pragmaticprog' on page 14 undefined on input line 12.


LaTeX Warning: Citation `TR_SVC' on page 14 undefined on input line 14.


LaTeX Warning: Citation `languagescomparison' on page 14 undefined on input lin
e 26.


LaTeX Warning: Citation `statusdifference' on page 14 undefined on input line 3
3.


LaTeX Warning: Citation `howtoreview' on page 14 undefined on input line 33.

<05Coding/05Pictures/ticket.png, id=61, 508.90125pt x 358.33875pt>
File: 05Coding/05Pictures/ticket.png Graphic file (type png)
<use 05Coding/05Pictures/ticket.png>
Package pdftex.def Info: 05Coding/05Pictures/ticket.png  used on input line 41.

(pdftex.def)             Requested size: 356.22844pt x 250.83542pt.
[14


]
<05Coding/05Pictures/contributions.png, id=65, 566.86781pt x 160.34906pt>
File: 05Coding/05Pictures/contributions.png Graphic file (type png)
<use 05Coding/05Pictures/contributions.png>
Package pdftex.def Info: 05Coding/05Pictures/contributions.png  used on input l
ine 52.
(pdftex.def)             Requested size: 453.49486pt x 128.27942pt.


LaTeX Warning: Citation `pairprogramming' on page 15 undefined on input line 59
.


LaTeX Warning: Citation `physicalscrum' on page 15 undefined on input line 65.

[15 <./05Coding/05Pictures/ticket.png> <./05Coding/05Pictures/contributions.png
>]
<05Coding/05Pictures/scrumboard.png, id=69, 833.36343pt x 504.38437pt>
File: 05Coding/05Pictures/scrumboard.png Graphic file (type png)
<use 05Coding/05Pictures/scrumboard.png>
Package pdftex.def Info: 05Coding/05Pictures/scrumboard.png  used on input line
 69.
(pdftex.def)             Requested size: 458.3513pt x 277.41226pt.
<05Coding/05Pictures/initial_roadmap.png, id=70, 835.62187pt x 216.81pt>
File: 05Coding/05Pictures/initial_roadmap.png Graphic file (type png)
<use 05Coding/05Pictures/initial_roadmap.png>
Package pdftex.def Info: 05Coding/05Pictures/initial_roadmap.png  used on input
 line 83.
(pdftex.def)             Requested size: 459.59344pt x 119.24586pt.
 [16 <./05Coding/05Pictures/scrumboard.png>] [17 <./05Coding/05Pictures/initial
_roadmap.png>]

LaTeX Warning: Citation `PyAlgoTrade' on page 18 undefined on input line 140.


LaTeX Warning: Citation `bt' on page 18 undefined on input line 140.


LaTeX Warning: Citation `DevOps' on page 18 undefined on input line 153.

(/usr/share/texmf-dist/tex/latex/listings/lstlang1.sty
File: lstlang1.sty 2019/09/10 1.8c listings language file
) [18]

LaTeX Warning: Citation `flake8' on page 19 undefined on input line 188.


LaTeX Warning: Citation `black' on page 19 undefined on input line 190.


LaTeX Warning: Citation `githooks' on page 19 undefined on input line 190.


LaTeX Warning: Citation `CI_1' on page 19 undefined on input line 195.


LaTeX Warning: Citation `CI_2' on page 19 undefined on input line 195.


LaTeX Warning: Citation `Docker' on page 19 undefined on input line 197.


LaTeX Warning: Citation `Docker Images' on page 19 undefined on input line 197.



LaTeX Warning: Citation `CircleCI' on page 19 undefined on input line 199.

<05Coding/05Pictures/circleCI.png, id=85, 555.57562pt x 426.84468pt>
File: 05Coding/05Pictures/circleCI.png Graphic file (type png)
<use 05Coding/05Pictures/circleCI.png>
Package pdftex.def Info: 05Coding/05Pictures/circleCI.png  used on input line 2
16.
(pdftex.def)             Requested size: 333.34793pt x 256.10878pt.
[19]

LaTeX Warning: Citation `ConnollyFundamentals' on page 20 undefined on input li
ne 226.


LaTeX Warning: Citation `AWS' on page 20 undefined on input line 233.


LaTeX Warning: Citation `Azure' on page 20 undefined on input line 233.


LaTeX Warning: Citation `Heroku' on page 20 undefined on input line 235.


LaTeX Warning: Citation `CDBenefits' on page 20 undefined on input line 237.


LaTeX Warning: Citation `Gunicorn' on page 20 undefined on input line 243.

[20 <./05Coding/05Pictures/circleCI.png>]) (./06Testing/testing.tex [21]
\openout2 = `preamble.tex.aux'.


No file preamble.tex.tex.
) (./07Conclusions/conclusion.tex [22


]
\openout2 = `preamble.tex.aux'.


No file preamble.tex.tex.
) (./08Appendices/appendices.tex [23


]
\openout2 = `preamble.tex.aux'.


No file preamble.tex.tex.
) [24


]
No file main.bbl.
(./main.aux (./preamble.tex.aux) (./preamble.tex.aux) (./preamble.tex.aux)
(./preamble.tex.aux) (./preamble.tex.aux) (./preamble.tex.aux)
(./preamble.tex.aux) (./preamble.tex.aux))

LaTeX Warning: There were undefined references.

 ) 
Here is how much of TeX's memory you used:
 6713 strings out of 492167
 91831 string characters out of 6131558
 442675 words of memory out of 5000000
 10871 multiletter control sequences out of 15000+600000
 8261 words of font info for 30 fonts, out of 8000000 for 9000
 1141 hyphenation exceptions out of 8191
 47i,9n,84p,1028b,1438s stack positions out of 5000i,500n,10000p,200000b,80000s
</usr/share/texmf-dist/fonts/type1/public/amsfonts/cm/cmbx10.pfb></usr/share/
texmf-dist/fonts/type1/public/amsfonts/cm/cmbx12.pfb></usr/share/texmf-dist/fon
ts/type1/public/amsfonts/cm/cmr10.pfb></usr/share/texmf-dist/fonts/type1/public
/amsfonts/cm/cmr12.pfb></usr/share/texmf-dist/fonts/type1/public/amsfonts/cm/cm
r17.pfb></usr/share/texmf-dist/fonts/type1/public/amsfonts/cm/cmr5.pfb></usr/sh
are/texmf-dist/fonts/type1/public/amsfonts/cm/cmr7.pfb></usr/share/texmf-dist/f
onts/type1/public/amsfonts/cm/cmsy10.pfb></usr/share/texmf-dist/fonts/type1/pub
lic/amsfonts/cm/cmti10.pfb></usr/share/texmf-dist/fonts/type1/public/amsfonts/c
m/cmtt8.pfb></usr/share/texmf-dist/fonts/type1/public/amsfonts/cm/cmu10.pfb>
Output written on main.pdf (25 pages, 366475 bytes).
PDF statistics:
 141 PDF objects out of 1000 (max. 8388607)
 91 compressed objects within 1 object stream
 0 named destinations out of 1000 (max. 500000)
 46 words of extra memory for PDF output out of 10000 (max. 10000000)

