INFO:root:Data Frame Interpolateddataframe shape: (7728, 7)
INFO:root:Writing interpolted dataframe to DB
INFO:root:calling for:
asset_class: currency ticker: AZN start_date : 1970-1-1 end_date: 2020-03-01
INFO:root:api returned <class 'pandas.core.frame.DataFrame'>
INFO:root:Received data frame with data between 1970-1-1 - 2020-03-01
 Writing to the database.
INFO:root:Start interpolationdataframe shape: (641, 7)
INFO:root:Data Frame Interpolateddataframe shape: (641, 7)
INFO:root:Writing interpolted dataframe to DB
INFO:root:calling for:
asset_class: currency ticker: BSD start_date : 1970-1-1 end_date: 2020-03-01
INFO:root:api returned <class 'pandas.core.frame.DataFrame'>
INFO:root:Received data frame with data between 1970-1-1 - 2020-03-01
 Writing to the database.
INFO:root:Start interpolationdataframe shape: (641, 7)
INFO:root:Data Frame Interpolateddataframe shape: (641, 7)
INFO:root:Writing interpolted dataframe to DB
INFO:root:calling for:
asset_class: currency ticker: BBD start_date : 1970-1-1 end_date: 2020-03-01
INFO:root:api returned <class 'pandas.core.frame.DataFrame'>
INFO:root:Received data frame with data between 1970-1-1 - 2020-03-01
 Writing to the database.
INFO:root:Start interpolationdataframe shape: (641, 7)
INFO:root:Data Frame Interpolateddataframe shape: (641, 7)
INFO:root:Writing interpolted dataframe to DB
INFO:root:calling for:
asset_class: currency ticker: BYR start_date : 1970-1-1 end_date: 2020-03-01
INFO:root:api returned <class 'pandas.core.frame.DataFrame'>
INFO:root:Received data frame with data between 1970-1-1 - 2020-03-01
 Writing to the database.
INFO:root:Start interpolationdataframe shape: (641, 7)
INFO:root:Data Frame Interpolateddataframe shape: (641, 7)
INFO:root:Writing interpolted dataframe to DB
INFO:root:calling for:
asset_class: currency ticker: BZD start_date : 1970-1-1 end_date: 2020-03-01
INFO:root:api returned <class 'pandas.core.frame.DataFrame'>
INFO:root:Received data frame with data between 1970-1-1 - 2020-03-01
 Writing to the database.
INFO:root:Start interpolationdataframe shape: (641, 7)
INFO:root:Data Frame Interpolateddataframe shape: (641, 7)
INFO:root:Writing interpolted dataframe to DB
INFO:root:Finished updating nomics at 2020-03-02 22:39:24.216630
INFO:root:Finished all  updates at: 2020-03-02 22:39:24.216740
INFO:root:

Started update at: 2020-03-02 22:43:16.283470
INFO:root:Started updating yfinance at 2020-03-02 22:43:16.283624
INFO:root:Updating for yfinance doing 10 calls
INFO:root:calling for:
asset_class: index_funds ticker: VTPSX start_date : 1970-1-1 end_date: 2020-03-01
INFO:root:api returned <class 'pandas.core.frame.DataFrame'>
INFO:root:Received data frame with data between 1970-1-1 - 2020-03-01
 Writing to the database.
INFO:root:Start interpolationdataframe shape: (2328, 7)
INFO:root:Data Frame Interpolateddataframe shape: (2328, 7)
INFO:root:Writing interpolted dataframe to DB
INFO:root:calling for:
asset_class: index_funds ticker: VINIX start_date : 1970-1-1 end_date: 2020-03-01
INFO:root:api returned <class 'pandas.core.frame.DataFrame'>
INFO:root:Received data frame with data between 1970-1-1 - 2020-03-01
 Writing to the database.
INFO:root:Start interpolationdataframe shape: (7453, 7)
INFO:root:Data Frame Interpolateddataframe shape: (7453, 7)
INFO:root:Writing interpolted dataframe to DB
INFO:root:calling for:
asset_class: index_funds ticker: VTBIX start_date : 1970-1-1 end_date: 2020-03-01
INFO:root:api returned <class 'pandas.core.frame.DataFrame'>
INFO:root:Received data frame with data between 1970-1-1 - 2020-03-01
 Writing to the database.
INFO:root:Start interpolationdataframe shape: (2196, 7)
INFO:root:Data Frame Interpolateddataframe shape: (2196, 7)
INFO:root:Writing interpolted dataframe to DB
INFO:root:calling for:
asset_class: index_funds ticker: VBTLX start_date : 1970-1-1 end_date: 2020-03-01
INFO:root:api returned <class 'pandas.core.frame.DataFrame'>
INFO:root:Received data frame with data between 1970-1-1 - 2020-03-01
 Writing to the database.
INFO:root:Start interpolationdataframe shape: (4605, 7)
INFO:root:Data Frame Interpolateddataframe shape: (4605, 7)
INFO:root:Writing interpolted dataframe to DB
INFO:root:calling for:
asset_class: index_funds ticker: FCNTX start_date : 1970-1-1 end_date: 2020-03-01
INFO:root:api returned <class 'pandas.core.frame.DataFrame'>
INFO:root:Received data frame with data between 1970-1-1 - 2020-03-01
 Writing to the database.
INFO:root:Start interpolationdataframe shape: (10127, 7)
INFO:root:Data Frame Interpolateddataframe shape: (10127, 7)
INFO:root:Writing interpolted dataframe to DB
INFO:root:calling for:
asset_class: index_funds ticker: VWENX start_date : 1970-1-1 end_date: 2020-03-01
INFO:root:api returned <class 'pandas.core.frame.DataFrame'>
INFO:root:Received data frame with data between 1970-1-1 - 2020-03-01
 Writing to the database.
INFO:root:Start interpolationdataframe shape: (4728, 7)
INFO:root:Data Frame Interpolateddataframe shape: (4728, 7)
INFO:root:Writing interpolted dataframe to DB
INFO:root:calling for:
asset_class: index_funds ticker: AGTHX start_date : 1970-1-1 end_date: 2020-03-01
INFO:root:api returned <class 'pandas.core.frame.DataFrame'>
INFO:root:Received data frame with data between 1970-1-1 - 2020-03-01
 Writing to the database.
INFO:root:Start interpolationdataframe shape: (10127, 7)
INFO:root:Data Frame Interpolateddataframe shape: (10127, 7)
INFO:root:Writing interpolted dataframe to DB
INFO:root:calling for:
asset_class: comodities_future ticker: CL start_date : 1970-1-1 end_date: 2020-03-01
INFO:root:api returned <class 'pandas.core.frame.DataFrame'>
INFO:root:Received data frame with data between 1970-1-1 - 2020-03-01
 Writing to the database.
INFO:root:Start interpolationdataframe shape: (11812, 7)
INFO:root:Data Frame Interpolateddataframe shape: (11812, 7)
INFO:root:Writing interpolted dataframe to DB
INFO:root:calling for:
asset_class: comodities_future ticker: QM start_date : 1970-1-1 end_date: 2020-03-01
ERROR:root:No data fetched for symbol QM using YahooDailyReader
CRITICAL:root:WRONG DATAFRAME FORMAT FROM API CALL at 2020-03-02 22:45:34.280269
CRITICAL:root:calling for:
asset_class: comodities_future ticker: QM start_date : 1970-1-1 end_date: 2020-03-01
INFO:root:api returned <class 'int'>
INFO:root:calling for:
asset_class: comodities_future ticker: NG start_date : 1970-1-1 end_date: 2020-03-01
INFO:root:api returned <class 'pandas.core.frame.DataFrame'>
INFO:root:Received data frame with data between 1970-1-1 - 2020-03-01
 Writing to the database.
INFO:root:Start interpolationdataframe shape: (4086, 7)
INFO:root:Data Frame Interpolateddataframe shape: (4086, 7)
INFO:root:Writing interpolted dataframe to DB
INFO:root:Finished updating yfinance at 2020-03-02 22:45:42.996483
INFO:root:Started updating nomics at 2020-03-02 22:45:42.996646
INFO:root:Updating for nomics doing 10 calls
INFO:root:calling for:
asset_class: currency ticker: BMD start_date : 1970-1-1 end_date: 2020-03-01
INFO:root:api returned <class 'pandas.core.frame.DataFrame'>
INFO:root:Received data frame with data between 1970-1-1 - 2020-03-01
 Writing to the database.
INFO:root:Start interpolationdataframe shape: (641, 7)
INFO:root:Data Frame Interpolateddataframe shape: (641, 7)
INFO:root:Writing interpolted dataframe to DB
INFO:root:calling for:
asset_class: currency ticker: BOB start_date : 1970-1-1 end_date: 2020-03-01
INFO:root:api returned <class 'pandas.core.frame.DataFrame'>
INFO:root:Received data frame with data between 1970-1-1 - 2020-03-01
 Writing to the database.
INFO:root:Start interpolationdataframe shape: (641, 7)
INFO:root:Data Frame Interpolateddataframe shape: (641, 7)
INFO:root:Writing interpolted dataframe to DB
INFO:root:calling for:
asset_class: currency ticker: BAM start_date : 1970-1-1 end_date: 2020-03-01
INFO:root:api returned <class 'pandas.core.frame.DataFrame'>
INFO:root:Received data frame with data between 1970-1-1 - 2020-03-01
 Writing to the database.
INFO:root:Start interpolationdataframe shape: (641, 7)
INFO:root:Data Frame Interpolateddataframe shape: (641, 7)
INFO:root:Writing interpolted dataframe to DB
INFO:root:calling for:
asset_class: currency ticker: BWP start_date : 1970-1-1 end_date: 2020-03-01
INFO:root:api returned <class 'pandas.core.frame.DataFrame'>
INFO:root:Received data frame with data between 1970-1-1 - 2020-03-01
 Writing to the database.
INFO:root:Start interpolationdataframe shape: (641, 7)
INFO:root:Data Frame Interpolateddataframe shape: (641, 7)
INFO:root:Writing interpolted dataframe to DB
INFO:root:calling for:
asset_class: currency ticker: BGN start_date : 1970-1-1 end_date: 2020-03-01
INFO:root:api returned <class 'pandas.core.frame.DataFrame'>
INFO:root:Received data frame with data between 1970-1-1 - 2020-03-01
 Writing to the database.
INFO:root:Start interpolationdataframe shape: (7166, 7)
INFO:root:Data Frame Interpolateddataframe shape: (7166, 7)
INFO:root:Writing interpolted dataframe to DB
INFO:root:calling for:
asset_class: currency ticker: BRL start_date : 1970-1-1 end_date: 2020-03-01
INFO:root:api returned <class 'pandas.core.frame.DataFrame'>
INFO:root:Received data frame with data between 1970-1-1 - 2020-03-01
 Writing to the database.
INFO:root:Start interpolationdataframe shape: (4443, 7)
INFO:root:Data Frame Interpolateddataframe shape: (4443, 7)
INFO:root:Writing interpolted dataframe to DB
INFO:root:calling for:
asset_class: currency ticker: BND start_date : 1970-1-1 end_date: 2020-03-01
INFO:root:api returned <class 'pandas.core.frame.DataFrame'>
INFO:root:Received data frame with data between 1970-1-1 - 2020-03-01
 Writing to the database.
INFO:root:Start interpolationdataframe shape: (641, 7)
INFO:root:Data Frame Interpolateddataframe shape: (641, 7)
INFO:root:Writing interpolted dataframe to DB
INFO:root:calling for:
asset_class: currency ticker: KHR start_date : 1970-1-1 end_date: 2020-03-01
INFO:root:api returned <class 'pandas.core.frame.DataFrame'>
INFO:root:Received data frame with data between 1970-1-1 - 2020-03-01
 Writing to the database.
INFO:root:Start interpolationdataframe shape: (641, 7)
INFO:root:Data Frame Interpolateddataframe shape: (641, 7)
INFO:root:Writing interpolted dataframe to DB
INFO:root:calling for:
asset_class: currency ticker: CAD start_date : 1970-1-1 end_date: 2020-03-01
INFO:root:api returned <class 'pandas.core.frame.DataFrame'>
INFO:root:Received data frame with data between 1970-1-1 - 2020-03-01
 Writing to the database.
INFO:root:Start interpolationdataframe shape: (7728, 7)
INFO:root:Data Frame Interpolateddataframe shape: (7728, 7)
INFO:root:Writing interpolted dataframe to DB
INFO:root:calling for:
asset_class: currency ticker: KYD start_date : 1970-1-1 end_date: 2020-03-01
INFO:root:api returned <class 'pandas.core.frame.DataFrame'>
INFO:root:Received data frame with data between 1970-1-1 - 2020-03-01
 Writing to the database.
INFO:root:Start interpolationdataframe shape: (641, 7)
INFO:root:Data Frame Interpolateddataframe shape: (641, 7)
INFO:root:Writing interpolted dataframe to DB
INFO:root:Finished updating nomics at 2020-03-02 22:46:40.919707
INFO:root:Finished all  updates at: 2020-03-02 22:46:40.919839
